2019-10-04 10:22:47,641  INFO [main] utilityfiles:34 - chrome has started
2019-10-04 10:22:58,779  INFO [main] log4j:26 - Entering text into text box
2019-10-04 10:22:59,067  INFO [main] log4j:26 - charger is entered
2019-10-04 10:24:52,517  INFO [main] utilityfiles:34 - chrome has started
2019-10-04 10:25:12,421  INFO [main] log4j:26 - Entering text into text box
2019-10-04 10:25:12,630  INFO [main] log4j:26 - charger is entered
2019-10-04 10:34:57,172  INFO [main] utilityfiles:34 - chrome has started
2019-10-04 10:35:07,760  INFO [main] log4j:26 - Entering text into text box
2019-10-04 10:35:07,962  INFO [main] log4j:26 - charger is entered
2019-10-04 10:35:41,477  INFO [main] utilityfiles:34 - chrome has started
2019-10-04 10:36:02,392  INFO [main] log4j:26 - Entering text into text box
2019-10-04 10:36:02,602  INFO [main] log4j:26 - charger is entered
2019-10-04 10:37:13,580  INFO [main] utilityfiles:34 - chrome has started
2019-10-04 10:37:24,550  INFO [main] log4j:26 - Entering text into text box
2019-10-04 10:37:24,734  INFO [main] log4j:26 - charger is entered
2019-10-04 10:38:09,732  INFO [main] utilityfiles:34 - chrome has started
2019-10-04 10:38:20,248  INFO [main] log4j:26 - Entering text into text box
2019-10-04 10:38:20,443  INFO [main] log4j:26 - charger is entered
2019-10-04 10:40:08,257  INFO [main] utilityfiles:34 - chrome has started
2019-10-04 10:40:18,428  INFO [main] log4j:26 - Entering text into text box
2019-10-04 10:40:18,633  INFO [main] log4j:26 - charger is entered
2019-10-04 10:41:10,902  INFO [main] utilityfiles:34 - chrome has started
2019-10-04 10:41:22,266  INFO [main] log4j:26 - Entering text into text box
2019-10-04 10:41:22,482  INFO [main] log4j:26 - charger is entered
2019-10-04 10:41:50,272  INFO [main] utilityfiles:34 - chrome has started
2019-10-04 10:42:00,942  INFO [main] log4j:26 - Entering text into text box
2019-10-04 10:42:01,137  INFO [main] log4j:26 - charger is entered
2019-10-04 10:45:20,665  INFO [main] utilityfiles:34 - chrome has started
2019-10-04 10:45:32,391  INFO [main] log4j:26 - Entering text into text box
2019-10-04 10:45:32,582  INFO [main] log4j:26 - charger is entered
2019-10-04 10:46:04,793  INFO [main] utilityfiles:34 - chrome has started
2019-10-04 10:46:14,893  INFO [main] log4j:26 - Entering text into text box
2019-10-04 10:46:15,135  INFO [main] log4j:26 - charger is entered
2019-10-04 10:46:16,370  INFO [main] log4j:26 - Assertion Done
2019-10-04 10:46:58,444  INFO [main] utilityfiles:34 - chrome has started
2019-10-04 10:47:08,507  INFO [main] log4j:26 - Entering text into text box
2019-10-04 10:47:08,697  INFO [main] log4j:26 - charger is entered
2019-10-04 10:48:57,391  INFO [main] utilityfiles:34 - chrome has started
2019-10-04 10:49:08,513  INFO [main] log4j:26 - Entering text into text box
2019-10-04 10:49:08,746  INFO [main] log4j:26 - charger is entered
2019-10-04 10:49:33,624  INFO [main] utilityfiles:34 - chrome has started
2019-10-04 10:49:43,704  INFO [main] log4j:26 - Entering text into text box
2019-10-04 10:49:43,963  INFO [main] log4j:26 - charger is entered
2019-10-04 10:49:46,013  INFO [main] log4j:26 - There is no such products try, different search
2019-10-04 12:16:35,537  INFO [main] utilityfiles:34 - chrome has started
2019-10-04 12:33:14,849  INFO [main] utilityfiles:34 - chrome has started
2019-10-04 12:33:28,689  INFO [main] log4j:26 - Entering text into text box
2019-10-04 12:33:28,893  INFO [main] log4j:26 - ssfgwegwef is entered
2019-10-04 12:34:09,382  INFO [main] utilityfiles:34 - chrome has started
2019-10-04 12:34:20,034  INFO [main] log4j:26 - Entering text into text box
2019-10-04 12:34:20,290  INFO [main] log4j:26 - ssfgwegwef is entered
2019-10-04 12:35:03,708  INFO [main] utilityfiles:34 - chrome has started
2019-10-04 12:35:13,525  INFO [main] log4j:26 - Entering text into text box
2019-10-04 12:35:13,724  INFO [main] log4j:26 - ssfgwegwef is entered
2019-10-04 13:21:40,948  INFO [main] utilityfiles:34 - chrome has started
2019-10-04 13:21:51,097  INFO [main] log4j:26 - Entering text into text box
2019-10-04 13:21:51,435  INFO [main] log4j:26 - Matrox G200 MMS is entered
2019-10-04 13:23:27,017  INFO [main] utilityfiles:34 - chrome has started
2019-10-04 13:23:37,347  INFO [main] log4j:26 - Entering text into text box
2019-10-04 13:23:37,666  INFO [main] log4j:26 - Matrox G200 MMS is entered
2019-10-04 13:24:51,039  INFO [main] utilityfiles:34 - chrome has started
2019-10-04 13:25:01,292  INFO [main] log4j:26 - Entering text into text box
2019-10-04 13:25:01,633  INFO [main] log4j:26 - Matrox G200 MMS is entered
2019-10-04 13:28:24,076  INFO [main] utilityfiles:34 - chrome has started
2019-10-04 13:28:34,952  INFO [main] log4j:26 - Entering text into text box
2019-10-04 13:28:35,240  INFO [main] log4j:26 - Matrox G200 MMS is entered
2019-10-08 11:18:37,289  INFO [main] utilityfiles:34 - chrome has started
2019-10-08 11:18:57,712  INFO [main] log4j:26 - Entering text into text box
2019-10-08 11:18:58,058  INFO [main] log4j:26 - Matrox G200 MMS is entered
2019-10-08 11:27:48,043  INFO [main] utilityfiles:34 - chrome has started
2019-10-08 11:27:59,130  INFO [main] log4j:26 - Entering text into text box
2019-10-08 11:27:59,431  INFO [main] log4j:26 - Matrox G200 MMS is entered
2019-10-08 11:28:02,256  INFO [main] log4j:26 - Assertion Starts
2019-10-08 11:28:57,466  INFO [main] utilityfiles:34 - chrome has started
2019-10-08 11:29:10,699  INFO [main] log4j:26 - Entering text into text box
2019-10-08 11:29:11,032  INFO [main] log4j:26 - Matrox G200 MMS is entered
2019-10-08 11:29:14,867  INFO [main] log4j:26 - Assertion Starts
2019-10-08 11:30:09,346  INFO [main] utilityfiles:34 - chrome has started
2019-10-08 11:30:22,560  INFO [main] log4j:26 - Entering text into text box
2019-10-08 11:30:22,890  INFO [main] log4j:26 - Matrox G200 MMS is entered
2019-10-08 11:30:27,245  INFO [main] log4j:26 - Assertion Starts
2019-10-08 11:31:40,221  INFO [main] utilityfiles:34 - chrome has started
2019-10-08 11:31:53,642  INFO [main] log4j:26 - Entering text into text box
2019-10-08 11:31:53,986  INFO [main] log4j:26 - Matrox G200 MMS is entered
2019-10-08 11:33:01,841  INFO [main] utilityfiles:34 - chrome has started
2019-10-08 11:33:14,805  INFO [main] log4j:26 - Entering text into text box
2019-10-08 11:33:15,030  INFO [main] log4j:26 - eggoegf is entered
2019-10-09 10:51:12,717  INFO [main] utilityfiles:34 - chrome has started
2019-10-09 10:51:22,128  INFO [main] log4j:26 - Entering text into text box
2019-10-09 10:51:22,320  INFO [main] log4j:26 - eggoegf is entered
2019-10-09 10:56:45,193  INFO [main] utilityfiles:34 - chrome has started
2019-10-09 10:56:54,390  INFO [main] log4j:26 - Entering text into text box
2019-10-09 10:56:54,585  INFO [main] log4j:26 - eggoegf is entered
2019-10-09 10:58:14,787  INFO [main] utilityfiles:34 - chrome has started
2019-10-09 10:58:24,111  INFO [main] log4j:26 - Entering text into text box
2019-10-09 10:58:24,330  INFO [main] log4j:26 - eggoegf is entered
2019-10-09 11:16:20,273  INFO [main] utilityfiles:34 - chrome has started
2019-10-09 11:16:31,283  INFO [main] log4j:26 - Entering text into text box
2019-10-09 11:16:31,504  INFO [main] log4j:26 - eggoegf is entered
2019-10-09 11:19:48,376  INFO [main] utilityfiles:34 - chrome has started
2019-10-09 11:19:59,666  INFO [main] log4j:26 - Entering text into text box
2019-10-09 11:19:59,901  INFO [main] log4j:26 - eggoegf is entered
2019-10-09 11:22:10,343  INFO [main] utilityfiles:34 - chrome has started
2019-10-09 11:22:20,070  INFO [main] log4j:26 - Entering text into text box
2019-10-09 11:22:20,314  INFO [main] log4j:26 - eggoegf is entered
2019-10-09 11:25:34,675  INFO [main] utilityfiles:34 - chrome has started
2019-10-09 11:25:44,431  INFO [main] log4j:26 - Entering text into text box
2019-10-09 11:25:44,723  INFO [main] log4j:26 - matrox g200 mms is entered
2019-10-09 11:27:09,601  INFO [main] utilityfiles:34 - chrome has started
2019-10-09 11:27:19,384  INFO [main] log4j:26 - Entering text into text box
2019-10-09 11:27:19,693  INFO [main] log4j:26 - matrox g200 mms is entered
2019-10-09 11:37:23,235  INFO [main] utilityfiles:34 - chrome has started
2019-10-09 11:37:32,750  INFO [main] log4j:26 - Entering text into text box
2019-10-09 11:37:33,095  INFO [main] log4j:26 - matrox g200 mms is entered
2019-10-09 11:37:35,906  INFO [main] log4j:26 - Assertion Starts
2019-10-09 11:37:35,910  INFO [main] log4j:26 - the product were equal
2019-10-09 11:38:20,062  INFO [main] utilityfiles:34 - chrome has started
2019-10-09 11:38:38,629  INFO [main] log4j:26 - Entering text into text box
2019-10-09 11:38:38,789  INFO [main] log4j:26 - laptp is entered
2019-10-09 11:46:34,359  INFO [main] utilityfiles:34 - chrome has started
2019-10-09 11:46:43,729  INFO [main] log4j:26 - Entering text into text box
2019-10-09 11:46:43,923  INFO [main] log4j:26 - laptp is entered
2019-10-09 11:47:45,354  INFO [main] utilityfiles:34 - chrome has started
2019-10-09 11:47:57,293  INFO [main] log4j:26 - Entering text into text box
2019-10-09 11:47:57,470  INFO [main] log4j:26 - laptp is entered
2019-10-09 11:49:43,044  INFO [main] utilityfiles:34 - chrome has started
2019-10-09 11:49:52,392  INFO [main] log4j:26 - Entering text into text box
2019-10-09 11:49:52,628  INFO [main] log4j:26 - laptp is entered
2019-10-09 12:06:16,690  INFO [main] utilityfiles:34 - chrome has started
2019-10-09 12:06:26,267  INFO [main] log4j:26 - Entering text into text box
2019-10-09 12:06:26,456  INFO [main] log4j:26 - laptp is entered
2019-10-09 14:38:51,293  INFO [main] utilityfiles:34 - chrome has started
2019-10-09 14:42:53,737  INFO [main] utilityfiles:34 - chrome has started
2019-10-09 14:43:33,761  INFO [main] utilityfiles:34 - chrome has started
2019-10-09 15:18:51,361  INFO [main] utilityfiles:34 - chrome has started
2019-10-09 15:24:23,489  INFO [main] utilityfiles:34 - chrome has started
2019-10-09 15:25:46,957  INFO [main] utilityfiles:34 - chrome has started
2019-10-09 15:26:44,879  INFO [main] utilityfiles:34 - chrome has started
2019-10-09 15:28:16,442  INFO [main] utilityfiles:34 - chrome has started
2019-10-09 15:32:26,053  INFO [main] utilityfiles:34 - chrome has started
2019-10-09 15:34:48,065  INFO [main] utilityfiles:34 - chrome has started
2019-10-09 15:36:05,764  INFO [main] utilityfiles:34 - chrome has started
2019-10-09 15:37:54,110  INFO [main] utilityfiles:34 - chrome has started
2019-10-09 15:39:07,001  INFO [main] utilityfiles:34 - chrome has started
2019-10-09 15:43:40,699  INFO [main] utilityfiles:34 - chrome has started
2019-10-09 15:44:46,796  INFO [main] utilityfiles:34 - chrome has started
2019-10-09 15:46:09,804  INFO [main] utilityfiles:34 - chrome has started
2019-10-09 15:57:48,218  INFO [main] utilityfiles:34 - chrome has started
2019-10-09 15:58:59,501  INFO [main] utilityfiles:34 - chrome has started
2019-10-09 16:01:02,856  INFO [main] utilityfiles:34 - chrome has started
2019-10-09 16:01:14,913  INFO [main] log4j:26 - Entering text into text box
2019-10-09 16:01:15,608  INFO [main] log4j:26 - matrox G200 mms is entered
2019-10-09 16:03:09,911  INFO [main] utilityfiles:34 - chrome has started
2019-10-09 16:03:21,776  INFO [main] log4j:26 - Entering text into text box
2019-10-09 16:03:22,717  INFO [main] log4j:26 - matrox G200 mms is entered
2019-10-09 16:07:27,920  INFO [main] utilityfiles:34 - chrome has started
2019-10-09 16:07:38,606  INFO [main] log4j:26 - Entering text into text box
2019-10-09 16:07:38,939  INFO [main] log4j:26 - positive value is entered
2019-10-09 16:07:40,382  INFO [main] log4j:26 - Assertion Starts
2019-10-09 16:07:40,382  INFO [main] log4j:26 - the product were equal
2019-10-09 16:08:33,534  INFO [main] utilityfiles:34 - chrome has started
2019-10-09 16:08:50,138  INFO [main] log4j:26 - Entering text into text box
2019-10-09 16:08:50,415  INFO [main] log4j:26 - negative value is entered
2019-10-09 16:13:57,708  INFO [main] utilityfiles:34 - chrome has started
2019-10-09 16:14:10,694  INFO [main] log4j:26 - Entering text into text box
2019-10-09 16:14:10,947  INFO [main] log4j:26 - negative value is entered
2019-10-09 16:16:30,434  INFO [main] utilityfiles:34 - chrome has started
2019-10-09 16:16:42,203  INFO [main] log4j:26 - Entering text into text box
2019-10-09 16:16:42,399  INFO [main] log4j:26 - negative value is entered
2019-10-09 16:16:43,522  INFO [main] log4j:26 - Assertion Starts
2019-10-09 16:17:46,861  INFO [main] utilityfiles:34 - chrome has started
2019-10-09 16:18:00,238  INFO [main] log4j:26 - Entering text into text box
2019-10-09 16:18:00,433  INFO [main] log4j:26 - negative value is entered
2019-10-09 16:18:01,861  INFO [main] log4j:26 - Assertion Starts
2019-10-09 16:18:01,866  INFO [main] log4j:26 - There is no such products try, different search
2019-10-09 16:18:35,258  INFO [main] utilityfiles:34 - chrome has started
2019-10-09 16:18:53,196  INFO [main] log4j:26 - Entering text into text box
2019-10-09 16:18:53,429  INFO [main] log4j:26 - neutral value is entered
2019-10-09 16:18:55,440  INFO [main] log4j:26 - Assertion Starts
2019-10-09 16:18:55,442  INFO [main] log4j:26 - There is no such products try, different search
2019-10-09 16:26:46,671  INFO [main] utilityfiles:34 - chrome has started
2019-10-09 16:26:58,498  INFO [main] log4j:26 - Entering text into text box
2019-10-09 16:26:58,835  INFO [main] log4j:26 - positive value is entered
2019-10-09 16:27:00,438  INFO [main] log4j:26 - Assertion Starts
2019-10-09 16:27:00,443  INFO [main] log4j:26 - the product were equal
2019-10-09 16:27:02,466  INFO [main] log4j:26 - Entering text into text box
2019-10-09 16:27:02,651  INFO [main] log4j:26 - negative value is entered
2019-10-09 16:27:03,679  INFO [main] log4j:26 - Assertion Starts
2019-10-09 16:27:03,679  INFO [main] log4j:26 - There is no such products try, different search
2019-10-09 16:27:04,875  INFO [main] log4j:26 - Entering text into text box
2019-10-09 16:27:05,071  INFO [main] log4j:26 - neutral value is entered
2019-10-09 16:27:06,219  INFO [main] log4j:26 - Assertion Starts
2019-10-09 16:27:06,219  INFO [main] log4j:26 - There is no such products try, different search
2019-10-09 17:03:53,395  INFO [main] utilityfiles:34 - chrome has started
2019-10-09 17:04:07,884  INFO [main] log4j:26 - Entering text into text box
2019-10-09 17:04:08,284  INFO [main] log4j:26 - positive value is entered
2019-10-09 17:04:09,832  INFO [main] log4j:26 - Assertion Starts
2019-10-09 17:04:09,838  INFO [main] log4j:26 - the product were equal
2019-10-09 17:04:11,513  INFO [main] log4j:26 - Entering text into text box
2019-10-09 17:04:11,759  INFO [main] log4j:26 - negative value is entered
2019-10-09 17:04:12,942  INFO [main] log4j:26 - Assertion Starts
2019-10-09 17:04:12,946  INFO [main] log4j:26 - There is no such products try, different search
2019-10-09 17:04:14,523  INFO [main] log4j:26 - Entering text into text box
2019-10-09 17:04:14,722  INFO [main] log4j:26 - neutral value is entered
2019-10-09 17:04:15,786  INFO [main] log4j:26 - Assertion Starts
2019-10-09 17:04:15,786  INFO [main] log4j:26 - There is no such products try, different search
2019-10-09 17:06:54,305  INFO [main] utilityfiles:34 - chrome has started
2019-10-09 17:07:12,046  INFO [main] log4j:26 - Entering text into text box
2019-10-09 17:07:12,371  INFO [main] log4j:26 - positive value is entered
2019-10-09 17:07:13,612  INFO [main] log4j:26 - Assertion Starts
2019-10-09 17:07:13,614  INFO [main] log4j:26 - the product were equal
2019-10-09 17:07:15,166  INFO [main] log4j:26 - Entering text into text box
2019-10-09 17:07:15,436  INFO [main] log4j:26 - negative value is entered
2019-10-09 17:07:16,536  INFO [main] log4j:26 - Assertion Starts
2019-10-09 17:07:16,536  INFO [main] log4j:26 - There is no such products try, different search
2019-10-09 17:07:18,102  INFO [main] log4j:26 - Entering text into text box
2019-10-09 17:07:18,331  INFO [main] log4j:26 - neutral value is entered
2019-10-09 17:07:19,447  INFO [main] log4j:26 - Assertion Starts
2019-10-09 17:07:19,447  INFO [main] log4j:26 - There is no such products try, different search
2019-10-09 17:08:38,086  INFO [main] utilityfiles:34 - chrome has started
2019-10-09 17:09:02,331  INFO [main] log4j:26 - Entering text into text box
2019-10-09 17:09:02,623  INFO [main] log4j:26 - positive value is entered
2019-10-09 17:09:04,891  INFO [main] log4j:26 - Assertion Starts
2019-10-09 17:09:04,897  INFO [main] log4j:26 - the product were equal
2019-10-09 17:09:06,249  INFO [main] log4j:26 - Entering text into text box
2019-10-09 17:09:06,439  INFO [main] log4j:26 - negative value is entered
2019-10-09 17:09:07,499  INFO [main] log4j:26 - Assertion Starts
2019-10-09 17:09:07,499  INFO [main] log4j:26 - There is no such products try, different search
2019-10-09 17:09:09,203  INFO [main] log4j:26 - Entering text into text box
2019-10-09 17:09:09,404  INFO [main] log4j:26 - neutral value is entered
2019-10-09 17:09:10,560  INFO [main] log4j:26 - Assertion Starts
2019-10-09 17:09:10,564  INFO [main] log4j:26 - There is no such products try, different search
2019-10-09 17:10:08,663  INFO [main] utilityfiles:34 - chrome has started
2019-10-09 17:10:31,940  INFO [main] log4j:26 - Entering text into text box
2019-10-09 17:10:32,477  INFO [main] log4j:26 - positive value is entered
2019-10-09 17:10:34,049  INFO [main] log4j:26 - Assertion Starts
2019-10-09 17:10:34,055  INFO [main] log4j:26 - the product were equal
2019-10-09 17:10:35,846  INFO [main] log4j:26 - Entering text into text box
2019-10-09 17:10:36,242  INFO [main] log4j:26 - negative value is entered
2019-10-09 17:10:37,382  INFO [main] log4j:26 - Assertion Starts
2019-10-09 17:10:37,382  INFO [main] log4j:26 - There is no such products try, different search
2019-10-09 17:10:39,137  INFO [main] log4j:26 - Entering text into text box
2019-10-09 17:10:39,436  INFO [main] log4j:26 - neutral value is entered
2019-10-09 17:10:40,575  INFO [main] log4j:26 - Assertion Starts
2019-10-09 17:10:40,575  INFO [main] log4j:26 - There is no such products try, different search
2019-10-09 17:34:53,808  INFO [main] utilityfiles:34 - chrome has started
2019-10-09 17:35:26,512  INFO [main] log4j:26 - Entering text into text box
2019-10-09 17:35:26,913  INFO [main] log4j:26 - positive value is entered
2019-10-09 17:35:30,563  INFO [main] log4j:26 - Assertion Starts
2019-10-09 17:35:30,567  INFO [main] log4j:26 - the product were equal
2019-10-09 17:35:32,247  INFO [main] log4j:26 - Entering text into text box
2019-10-09 17:35:32,514  INFO [main] log4j:26 - negative value is entered
2019-10-09 17:35:33,653  INFO [main] log4j:26 - Assertion Starts
2019-10-09 17:35:33,653  INFO [main] log4j:26 - There is no such products try, different search
2019-10-09 17:35:35,557  INFO [main] log4j:26 - Entering text into text box
2019-10-09 17:35:35,805  INFO [main] log4j:26 - neutral value is entered
2019-10-09 17:35:36,928  INFO [main] log4j:26 - Assertion Starts
2019-10-09 17:35:36,932  INFO [main] log4j:26 - There is no such products try, different search
2019-10-09 17:36:09,915  INFO [main] utilityfiles:34 - chrome has started
2019-10-09 17:36:27,151  INFO [main] log4j:26 - Entering text into text box
2019-10-09 17:36:27,521  INFO [main] log4j:26 - positive value is entered
2019-10-09 17:36:29,005  INFO [main] log4j:26 - Assertion Starts
2019-10-09 17:36:29,009  INFO [main] log4j:26 - the product were equal
2019-10-09 17:36:30,658  INFO [main] log4j:26 - Entering text into text box
2019-10-09 17:36:30,904  INFO [main] log4j:26 - negative value is entered
2019-10-09 17:36:32,032  INFO [main] log4j:26 - Assertion Starts
2019-10-09 17:36:32,036  INFO [main] log4j:26 - There is no such products try, different search
2019-10-09 17:36:33,737  INFO [main] log4j:26 - Entering text into text box
2019-10-09 17:36:33,945  INFO [main] log4j:26 - neutral value is entered
2019-10-09 17:36:35,117  INFO [main] log4j:26 - Assertion Starts
2019-10-09 17:36:35,117  INFO [main] log4j:26 - There is no such products try, different search
2019-10-09 17:38:36,257  INFO [main] utilityfiles:34 - chrome has started
2019-10-09 17:39:00,288  INFO [main] log4j:26 - Entering text into text box
2019-10-09 17:39:00,648  INFO [main] log4j:26 - positive value is entered
2019-10-09 17:39:01,961  INFO [main] log4j:26 - Assertion Starts
2019-10-09 17:39:01,966  INFO [main] log4j:26 - the product were equal
2019-10-09 17:39:03,622  INFO [main] log4j:26 - Entering text into text box
2019-10-09 17:39:03,845  INFO [main] log4j:26 - negative value is entered
2019-10-09 17:39:04,997  INFO [main] log4j:26 - Assertion Starts
2019-10-09 17:39:04,997  INFO [main] log4j:26 - There is no such products try, different search
2019-10-09 17:39:06,665  INFO [main] log4j:26 - Entering text into text box
2019-10-09 17:39:06,877  INFO [main] log4j:26 - neutral value is entered
2019-10-09 17:39:08,109  INFO [main] log4j:26 - Assertion Starts
2019-10-09 17:39:08,109  INFO [main] log4j:26 - There is no such products try, different search
2019-10-09 17:41:02,774  INFO [main] utilityfiles:34 - chrome has started
2019-10-09 17:41:36,417  INFO [main] log4j:26 - Entering text into text box
2019-10-09 17:41:36,686  INFO [main] log4j:26 - positive value is entered
2019-10-09 17:41:37,970  INFO [main] log4j:26 - Assertion Starts
2019-10-09 17:41:37,974  INFO [main] log4j:26 - the product were equal
2019-10-09 17:41:39,566  INFO [main] log4j:26 - Entering text into text box
2019-10-09 17:41:39,796  INFO [main] log4j:26 - negative value is entered
2019-10-09 17:41:40,876  INFO [main] log4j:26 - Assertion Starts
2019-10-09 17:41:40,876  INFO [main] log4j:26 - There is no such products try, different search
2019-10-09 17:41:42,455  INFO [main] log4j:26 - Entering text into text box
2019-10-09 17:41:42,679  INFO [main] log4j:26 - neutral value is entered
2019-10-09 17:41:44,039  INFO [main] log4j:26 - Assertion Starts
2019-10-09 17:41:44,039  INFO [main] log4j:26 - There is no such products try, different search
2019-10-09 17:43:04,945  INFO [main] utilityfiles:34 - chrome has started
2019-10-09 17:43:39,224  INFO [main] log4j:26 - Entering text into text box
2019-10-09 17:43:39,624  INFO [main] log4j:26 - positive value is entered
2019-10-09 17:43:41,015  INFO [main] log4j:26 - Assertion Starts
2019-10-09 17:43:41,020  INFO [main] log4j:26 - the product were equal
2019-10-09 17:43:42,645  INFO [main] log4j:26 - Entering text into text box
2019-10-09 17:43:42,870  INFO [main] log4j:26 - negative value is entered
2019-10-09 17:43:43,934  INFO [main] log4j:26 - Assertion Starts
2019-10-09 17:43:43,934  INFO [main] log4j:26 - There is no such products try, different search
2019-10-09 17:43:45,403  INFO [main] log4j:26 - Entering text into text box
2019-10-09 17:43:45,558  INFO [main] log4j:26 - neutral value is entered
2019-10-09 17:43:46,794  INFO [main] log4j:26 - Assertion Starts
2019-10-09 17:43:46,794  INFO [main] log4j:26 - There is no such products try, different search
2019-10-09 17:45:35,675  INFO [main] utilityfiles:34 - chrome has started
2019-10-09 17:46:17,588  INFO [main] log4j:26 - Entering text into text box
2019-10-09 17:46:17,843  INFO [main] log4j:26 - positive value is entered
2019-10-09 17:46:18,971  INFO [main] log4j:26 - Assertion Starts
2019-10-09 17:46:18,974  INFO [main] log4j:26 - the product were equal
2019-10-09 17:46:20,566  INFO [main] log4j:26 - Entering text into text box
2019-10-09 17:46:20,787  INFO [main] log4j:26 - negative value is entered
2019-10-09 17:46:21,877  INFO [main] log4j:26 - Assertion Starts
2019-10-09 17:46:21,881  INFO [main] log4j:26 - There is no such products try, different search
2019-10-09 17:46:23,375  INFO [main] log4j:26 - Entering text into text box
2019-10-09 17:46:23,533  INFO [main] log4j:26 - neutral value is entered
2019-10-09 17:46:24,543  INFO [main] log4j:26 - Assertion Starts
2019-10-09 17:46:24,543  INFO [main] log4j:26 - There is no such products try, different search
2019-10-09 17:47:26,041  INFO [main] utilityfiles:34 - chrome has started
2019-10-09 17:47:42,014  INFO [main] log4j:26 - The description is validated
2019-10-09 17:47:44,115  INFO [main] log4j:26 - Entering text into text box
2019-10-09 17:47:44,496  INFO [main] log4j:26 - positive value is entered
2019-10-09 17:47:45,760  INFO [main] log4j:26 - Assertion Starts
2019-10-09 17:47:45,760  INFO [main] log4j:26 - the product were equal
2019-10-09 17:47:47,358  INFO [main] log4j:26 - Entering text into text box
2019-10-09 17:47:47,594  INFO [main] log4j:26 - negative value is entered
2019-10-09 17:47:48,850  INFO [main] log4j:26 - Assertion Starts
2019-10-09 17:47:48,850  INFO [main] log4j:26 - There is no such products try, different search
2019-10-09 17:47:50,431  INFO [main] log4j:26 - Entering text into text box
2019-10-09 17:47:50,641  INFO [main] log4j:26 - neutral value is entered
2019-10-09 17:47:51,676  INFO [main] log4j:26 - Assertion Starts
2019-10-09 17:47:51,676  INFO [main] log4j:26 - There is no such products try, different search
2019-10-09 17:48:11,488  INFO [main] utilityfiles:34 - chrome has started
2019-10-09 17:48:32,070  INFO [main] log4j:26 - The description is validated
2019-10-09 17:48:37,742  INFO [main] log4j:26 - Entering text into text box
2019-10-09 17:48:38,132  INFO [main] log4j:26 - positive value is entered
2019-10-09 17:48:40,251  INFO [main] log4j:26 - Assertion Starts
2019-10-09 17:48:40,251  INFO [main] log4j:26 - the product were equal
2019-10-09 17:48:42,672  INFO [main] log4j:26 - Entering text into text box
2019-10-09 17:48:42,920  INFO [main] log4j:26 - negative value is entered
2019-10-09 17:48:43,979  INFO [main] log4j:26 - Assertion Starts
2019-10-09 17:48:43,979  INFO [main] log4j:26 - There is no such products try, different search
2019-10-09 17:48:45,644  INFO [main] log4j:26 - Entering text into text box
2019-10-09 17:48:45,848  INFO [main] log4j:26 - neutral value is entered
2019-10-09 17:48:46,879  INFO [main] log4j:26 - Assertion Starts
2019-10-09 17:48:46,879  INFO [main] log4j:26 - There is no such products try, different search
2019-10-09 18:03:32,624  INFO [main] utilityfiles:34 - chrome has started
2019-10-09 18:03:57,949  INFO [main] log4j:26 - Entering text into text box
2019-10-09 18:03:58,219  INFO [main] log4j:26 - positive value is entered
2019-10-09 18:03:59,555  INFO [main] log4j:26 - Assertion Starts
2019-10-09 18:03:59,555  INFO [main] log4j:26 - the product were equal
2019-10-09 18:04:01,245  INFO [main] log4j:26 - Entering text into text box
2019-10-09 18:04:01,479  INFO [main] log4j:26 - negative value is entered
2019-10-09 18:04:02,584  INFO [main] log4j:26 - Assertion Starts
2019-10-09 18:04:02,584  INFO [main] log4j:26 - There is no such products try, different search
2019-10-09 18:04:04,066  INFO [main] log4j:26 - Entering text into text box
2019-10-09 18:04:04,256  INFO [main] log4j:26 - neutral value is entered
2019-10-09 18:04:05,396  INFO [main] log4j:26 - Assertion Starts
2019-10-09 18:04:05,396  INFO [main] log4j:26 - There is no such products try, different search
2019-10-09 18:11:36,711  INFO [main] utilityfiles:34 - chrome has started
2019-10-09 18:12:05,655  INFO [main] log4j:26 - Entering text into text box
2019-10-09 18:12:06,063  INFO [main] log4j:26 - positive value is entered
2019-10-09 18:12:09,774  INFO [main] log4j:26 - Assertion Starts
2019-10-09 18:12:09,774  INFO [main] log4j:26 - the product were equal
2019-10-09 18:12:14,318  INFO [main] log4j:26 - Entering text into text box
2019-10-09 18:12:14,540  INFO [main] log4j:26 - negative value is entered
2019-10-09 18:12:16,332  INFO [main] log4j:26 - Assertion Starts
2019-10-09 18:12:16,332  INFO [main] log4j:26 - There is no such products try, different search
2019-10-09 18:12:18,905  INFO [main] log4j:26 - Entering text into text box
2019-10-09 18:12:19,058  INFO [main] log4j:26 - neutral value is entered
2019-10-09 18:12:22,386  INFO [main] log4j:26 - Assertion Starts
2019-10-09 18:12:22,386  INFO [main] log4j:26 - There is no such products try, different search
2019-10-09 18:13:24,940  INFO [main] utilityfiles:34 - chrome has started
2019-10-09 18:13:53,725  INFO [main] log4j:26 - The description is validated
2019-10-09 18:13:55,866  INFO [main] log4j:26 - Entering text into text box
2019-10-09 18:13:56,264  INFO [main] log4j:26 - positive value is entered
2019-10-09 18:13:57,540  INFO [main] log4j:26 - Assertion Starts
2019-10-09 18:13:57,540  INFO [main] log4j:26 - the product were equal
2019-10-09 18:13:59,018  INFO [main] log4j:26 - Entering text into text box
2019-10-09 18:13:59,215  INFO [main] log4j:26 - negative value is entered
2019-10-09 18:14:00,358  INFO [main] log4j:26 - Assertion Starts
2019-10-09 18:14:00,358  INFO [main] log4j:26 - There is no such products try, different search
2019-10-09 18:14:01,955  INFO [main] log4j:26 - Entering text into text box
2019-10-09 18:14:02,163  INFO [main] log4j:26 - neutral value is entered
2019-10-09 18:14:03,270  INFO [main] log4j:26 - Assertion Starts
2019-10-09 18:14:03,270  INFO [main] log4j:26 - There is no such products try, different search
2019-10-09 18:16:08,829  INFO [main] utilityfiles:34 - chrome has started
2019-10-09 18:16:23,222  INFO [main] log4j:26 - The kitchen product description is validated
2019-10-09 18:16:24,938  INFO [main] log4j:26 - Entering text into text box
2019-10-09 18:16:25,207  INFO [main] log4j:26 - positive value is entered
2019-10-09 18:16:26,487  INFO [main] log4j:26 - Assertion Starts
2019-10-09 18:16:26,487  INFO [main] log4j:26 - the product were equal
2019-10-09 18:16:28,207  INFO [main] log4j:26 - Entering text into text box
2019-10-09 18:16:28,461  INFO [main] log4j:26 - negative value is entered
2019-10-09 18:16:29,616  INFO [main] log4j:26 - Assertion Starts
2019-10-09 18:16:29,616  INFO [main] log4j:26 - There is no such products try, different search
2019-10-09 18:16:31,289  INFO [main] log4j:26 - Entering text into text box
2019-10-09 18:16:31,507  INFO [main] log4j:26 - neutral value is entered
2019-10-09 18:16:32,690  INFO [main] log4j:26 - Assertion Starts
2019-10-09 18:16:32,690  INFO [main] log4j:26 - There is no such products try, different search
2019-10-09 18:20:26,652  INFO [main] utilityfiles:34 - chrome has started
2019-10-09 18:20:48,718  INFO [main] log4j:26 - The kitchen product description is validated
2019-10-09 18:20:52,566  INFO [main] log4j:26 - Entering text into text box
2019-10-09 18:20:52,905  INFO [main] log4j:26 - positive value is entered
2019-10-09 18:20:54,365  INFO [main] log4j:26 - Assertion Starts
2019-10-09 18:20:54,365  INFO [main] log4j:26 - the product were equal
2019-10-09 18:20:55,970  INFO [main] log4j:26 - Entering text into text box
2019-10-09 18:20:56,247  INFO [main] log4j:26 - negative value is entered
2019-10-09 18:20:57,367  INFO [main] log4j:26 - Assertion Starts
2019-10-09 18:20:57,367  INFO [main] log4j:26 - There is no such products try, different search
2019-10-09 18:20:58,828  INFO [main] log4j:26 - Entering text into text box
2019-10-09 18:20:59,023  INFO [main] log4j:26 - neutral value is entered
2019-10-09 18:21:00,223  INFO [main] log4j:26 - Assertion Starts
2019-10-09 18:21:00,227  INFO [main] log4j:26 - There is no such products try, different search
2019-10-09 18:24:02,814  INFO [main] utilityfiles:34 - chrome has started
2019-10-09 18:24:29,701  INFO [main] log4j:26 - The kitchen product description is validated
2019-10-09 18:24:32,804  INFO [main] log4j:26 - Entering text into text box
2019-10-09 18:24:33,161  INFO [main] log4j:26 - positive value is entered
2019-10-09 18:24:36,189  INFO [main] log4j:26 - Assertion Starts
2019-10-09 18:24:36,189  INFO [main] log4j:26 - the product were equal
2019-10-09 18:24:39,610  INFO [main] log4j:26 - Entering text into text box
2019-10-09 18:24:39,820  INFO [main] log4j:26 - negative value is entered
2019-10-09 18:24:42,015  INFO [main] log4j:26 - Assertion Starts
2019-10-09 18:24:42,015  INFO [main] log4j:26 - There is no such products try, different search
2019-10-09 18:24:47,929  INFO [main] log4j:26 - Entering text into text box
2019-10-09 18:24:48,104  INFO [main] log4j:26 - neutral value is entered
2019-10-09 18:24:50,110  INFO [main] log4j:26 - Assertion Starts
2019-10-09 18:24:50,110  INFO [main] log4j:26 - There is no such products try, different search
2019-10-09 18:26:23,612  INFO [main] utilityfiles:34 - chrome has started
2019-10-09 18:26:40,555  INFO [main] log4j:26 - The kitchen product description is validated
2019-10-09 18:26:42,469  INFO [main] log4j:26 - Entering text into text box
2019-10-09 18:26:42,847  INFO [main] log4j:26 - positive value is entered
2019-10-09 18:26:44,195  INFO [main] log4j:26 - Assertion Starts
2019-10-09 18:26:44,195  INFO [main] log4j:26 - the product were equal
2019-10-09 18:26:45,848  INFO [main] log4j:26 - Entering text into text box
2019-10-09 18:26:46,061  INFO [main] log4j:26 - negative value is entered
2019-10-09 18:26:47,233  INFO [main] log4j:26 - Assertion Starts
2019-10-09 18:26:47,233  INFO [main] log4j:26 - There is no such products try, different search
2019-10-09 18:26:48,960  INFO [main] log4j:26 - Entering text into text box
2019-10-09 18:26:49,194  INFO [main] log4j:26 - neutral value is entered
2019-10-09 18:26:50,402  INFO [main] log4j:26 - Assertion Starts
2019-10-09 18:26:50,402  INFO [main] log4j:26 - There is no such products try, different search
2019-10-09 18:28:05,020  INFO [main] utilityfiles:34 - chrome has started
2019-10-09 18:28:23,853  INFO [main] log4j:26 - Entering text into text box
2019-10-09 18:28:24,156  INFO [main] log4j:26 - positive value is entered
2019-10-09 18:28:25,610  INFO [main] log4j:26 - Assertion Starts
2019-10-09 18:28:25,610  INFO [main] log4j:26 - the product were equal
2019-10-09 18:28:27,159  INFO [main] log4j:26 - Entering text into text box
2019-10-09 18:28:27,373  INFO [main] log4j:26 - negative value is entered
2019-10-09 18:28:28,397  INFO [main] log4j:26 - Assertion Starts
2019-10-09 18:28:28,397  INFO [main] log4j:26 - There is no such products try, different search
2019-10-09 18:28:29,814  INFO [main] log4j:26 - Entering text into text box
2019-10-09 18:28:29,969  INFO [main] log4j:26 - neutral value is entered
2019-10-09 18:28:31,011  INFO [main] log4j:26 - Assertion Starts
2019-10-09 18:28:31,012  INFO [main] log4j:26 - There is no such products try, different search
2019-10-09 18:30:24,962  INFO [main] utilityfiles:34 - chrome has started
2019-10-09 18:30:46,918  INFO [main] log4j:26 - Entering text into text box
2019-10-09 18:30:47,204  INFO [main] log4j:26 - positive value is entered
2019-10-09 18:30:48,369  INFO [main] log4j:26 - Assertion Starts
2019-10-09 18:30:48,369  INFO [main] log4j:26 - the product were equal
2019-10-09 18:30:49,927  INFO [main] log4j:26 - Entering text into text box
2019-10-09 18:30:50,151  INFO [main] log4j:26 - negative value is entered
2019-10-09 18:30:51,135  INFO [main] log4j:26 - Assertion Starts
2019-10-09 18:30:51,135  INFO [main] log4j:26 - There is no such products try, different search
2019-10-09 18:30:52,485  INFO [main] log4j:26 - Entering text into text box
2019-10-09 18:30:52,654  INFO [main] log4j:26 - neutral value is entered
2019-10-09 18:30:53,643  INFO [main] log4j:26 - Assertion Starts
2019-10-09 18:30:53,643  INFO [main] log4j:26 - There is no such products try, different search
2019-10-09 18:33:14,294  INFO [main] utilityfiles:34 - chrome has started
2019-10-09 18:33:32,797  INFO [main] log4j:26 - The kitchen product description is validated
2019-10-09 18:33:34,518  INFO [main] log4j:26 - Entering text into text box
2019-10-09 18:33:34,774  INFO [main] log4j:26 - positive value is entered
2019-10-09 18:33:35,963  INFO [main] log4j:26 - Assertion Starts
2019-10-09 18:33:35,963  INFO [main] log4j:26 - the product were equal
2019-10-09 18:33:37,452  INFO [main] log4j:26 - Entering text into text box
2019-10-09 18:33:37,654  INFO [main] log4j:26 - negative value is entered
2019-10-09 18:33:38,696  INFO [main] log4j:26 - Assertion Starts
2019-10-09 18:33:38,697  INFO [main] log4j:26 - There is no such products try, different search
2019-10-09 18:33:40,106  INFO [main] log4j:26 - Entering text into text box
2019-10-09 18:33:40,265  INFO [main] log4j:26 - neutral value is entered
2019-10-09 18:33:41,209  INFO [main] log4j:26 - Assertion Starts
2019-10-09 18:33:41,209  INFO [main] log4j:26 - There is no such products try, different search
2019-10-09 18:40:31,626  INFO [main] utilityfiles:34 - chrome has started
2019-10-09 18:40:49,239  INFO [main] log4j:26 - The kitchen product description is validated
2019-10-09 18:40:52,460  INFO [main] log4j:26 - Entering text into text box
2019-10-09 18:40:52,734  INFO [main] log4j:26 - positive value is entered
2019-10-09 18:40:56,346  INFO [main] log4j:26 - Assertion Starts
2019-10-09 18:40:56,347  INFO [main] log4j:26 - the product were equal
2019-10-09 18:41:02,079  INFO [main] log4j:26 - Entering text into text box
2019-10-09 18:41:02,283  INFO [main] log4j:26 - negative value is entered
2019-10-09 18:41:03,280  INFO [main] log4j:26 - Assertion Starts
2019-10-09 18:41:03,281  INFO [main] log4j:26 - There is no such products try, different search
2019-10-09 18:41:04,787  INFO [main] log4j:26 - Entering text into text box
2019-10-09 18:41:04,951  INFO [main] log4j:26 - neutral value is entered
2019-10-09 18:41:05,970  INFO [main] log4j:26 - Assertion Starts
2019-10-09 18:41:05,971  INFO [main] log4j:26 - There is no such products try, different search
2019-10-09 18:42:45,603  INFO [main] utilityfiles:34 - chrome has started
2019-10-09 18:43:01,325  INFO [main] log4j:26 - The kindle product description is validated
2019-10-09 18:43:03,530  INFO [main] log4j:26 - Entering text into text box
2019-10-09 18:43:03,804  INFO [main] log4j:26 - positive value is entered
2019-10-09 18:43:05,021  INFO [main] log4j:26 - Assertion Starts
2019-10-09 18:43:05,022  INFO [main] log4j:26 - the product were equal
2019-10-09 18:43:06,454  INFO [main] log4j:26 - Entering text into text box
2019-10-09 18:43:06,632  INFO [main] log4j:26 - negative value is entered
2019-10-09 18:43:07,597  INFO [main] log4j:26 - Assertion Starts
2019-10-09 18:43:07,597  INFO [main] log4j:26 - There is no such products try, different search
2019-10-09 18:43:08,943  INFO [main] log4j:26 - Entering text into text box
2019-10-09 18:43:09,106  INFO [main] log4j:26 - neutral value is entered
2019-10-09 18:43:10,091  INFO [main] log4j:26 - Assertion Starts
2019-10-09 18:43:10,092  INFO [main] log4j:26 - There is no such products try, different search
2019-10-09 18:44:38,378  INFO [main] utilityfiles:34 - chrome has started
2019-10-09 18:44:53,101  INFO [main] log4j:26 - The kindle product description is validated
2019-10-09 18:44:54,706  INFO [main] log4j:26 - Entering text into text box
2019-10-09 18:44:54,988  INFO [main] log4j:26 - positive value is entered
2019-10-09 18:44:56,435  INFO [main] log4j:26 - Assertion Starts
2019-10-09 18:44:56,436  INFO [main] log4j:26 - the product were equal
2019-10-09 18:44:58,385  INFO [main] log4j:26 - Entering text into text box
2019-10-09 18:44:58,614  INFO [main] log4j:26 - negative value is entered
2019-10-09 18:44:59,774  INFO [main] log4j:26 - Assertion Starts
2019-10-09 18:44:59,774  INFO [main] log4j:26 - There is no such products try, different search
2019-10-09 18:45:01,237  INFO [main] log4j:26 - Entering text into text box
2019-10-09 18:45:01,396  INFO [main] log4j:26 - neutral value is entered
2019-10-09 18:45:02,523  INFO [main] log4j:26 - Assertion Starts
2019-10-09 18:45:02,524  INFO [main] log4j:26 - There is no such products try, different search
2019-10-09 18:45:33,042  INFO [main] utilityfiles:34 - chrome has started
2019-10-09 18:45:55,946  INFO [main] log4j:26 - The kitchen product description is validated
2019-10-09 18:46:01,322  INFO [main] log4j:26 - Entering text into text box
2019-10-09 18:46:01,596  INFO [main] log4j:26 - positive value is entered
2019-10-09 18:46:03,576  INFO [main] log4j:26 - Assertion Starts
2019-10-09 18:46:03,577  INFO [main] log4j:26 - the product were equal
2019-10-09 18:46:05,887  INFO [main] log4j:26 - Entering text into text box
2019-10-09 18:46:06,065  INFO [main] log4j:26 - negative value is entered
2019-10-09 18:46:06,937  INFO [main] log4j:26 - Assertion Starts
2019-10-09 18:46:06,937  INFO [main] log4j:26 - There is no such products try, different search
2019-10-09 18:46:08,353  INFO [main] log4j:26 - Entering text into text box
2019-10-09 18:46:08,496  INFO [main] log4j:26 - neutral value is entered
2019-10-09 18:46:09,435  INFO [main] log4j:26 - Assertion Starts
2019-10-09 18:46:09,436  INFO [main] log4j:26 - There is no such products try, different search
2019-10-09 18:46:48,789  INFO [main] utilityfiles:34 - chrome has started
2019-10-09 18:47:12,089  INFO [main] log4j:26 - The kindle product description is validated
2019-10-09 18:47:14,066  INFO [main] log4j:26 - Entering text into text box
2019-10-09 18:47:14,358  INFO [main] log4j:26 - positive value is entered
2019-10-09 18:47:15,769  INFO [main] log4j:26 - Assertion Starts
2019-10-09 18:47:15,769  INFO [main] log4j:26 - the product were equal
2019-10-09 18:47:18,214  INFO [main] log4j:26 - Entering text into text box
2019-10-09 18:47:18,377  INFO [main] log4j:26 - negative value is entered
2019-10-09 18:47:19,266  INFO [main] log4j:26 - Assertion Starts
2019-10-09 18:47:19,267  INFO [main] log4j:26 - There is no such products try, different search
2019-10-09 18:47:20,583  INFO [main] log4j:26 - Entering text into text box
2019-10-09 18:47:20,725  INFO [main] log4j:26 - neutral value is entered
2019-10-09 18:47:21,664  INFO [main] log4j:26 - Assertion Starts
2019-10-09 18:47:21,665  INFO [main] log4j:26 - There is no such products try, different search
2019-10-09 18:53:12,561  INFO [main] utilityfiles:34 - chrome has started
2019-10-09 18:54:27,450  INFO [main] utilityfiles:34 - chrome has started
2019-10-09 18:56:20,447  INFO [main] utilityfiles:34 - chrome has started
2019-10-09 18:57:52,723  INFO [main] utilityfiles:34 - chrome has started
2019-10-09 19:00:06,626  INFO [main] utilityfiles:34 - chrome has started
2019-10-09 19:00:53,612  INFO [main] utilityfiles:34 - chrome has started
2019-10-09 19:04:46,005  INFO [main] utilityfiles:34 - chrome has started
2019-10-09 19:07:27,530  INFO [main] utilityfiles:34 - chrome has started
2019-10-09 19:10:57,398  INFO [main] utilityfiles:34 - chrome has started
2019-10-09 19:12:46,834  INFO [main] log4j:26 - The kindle product description is validated
2019-10-09 19:16:03,132  INFO [main] log4j:26 - Entering text into text box
2019-10-09 19:16:03,499  INFO [main] log4j:26 - positive value is entered
2019-10-09 19:16:09,908  INFO [main] log4j:26 - Assertion Starts
2019-10-09 19:16:09,908  INFO [main] log4j:26 - the product were equal
2019-10-09 19:16:17,655  INFO [main] log4j:26 - Entering text into text box
2019-10-09 19:16:18,039  INFO [main] log4j:26 - negative value is entered
2019-10-09 19:16:24,093  INFO [main] log4j:26 - Assertion Starts
2019-10-09 19:16:24,093  INFO [main] log4j:26 - There is no such products try, different search
2019-10-09 19:16:31,211  INFO [main] log4j:26 - Entering text into text box
2019-10-09 19:16:31,466  INFO [main] log4j:26 - neutral value is entered
2019-10-09 19:16:37,505  INFO [main] log4j:26 - Assertion Starts
2019-10-09 19:16:37,505  INFO [main] log4j:26 - There is no such products try, different search
2019-10-09 20:51:33,920  INFO [main] utilityfiles:33 - chrome has started
2019-10-09 20:51:44,699  INFO [main] log4j:26 - Entering text into text box
2019-10-09 20:51:44,994  INFO [main] log4j:26 - positive value is entered
2019-10-09 20:51:46,325  INFO [main] log4j:26 - Assertion Starts
2019-10-09 20:51:46,329  INFO [main] log4j:26 - the product were equal
2019-10-09 20:51:48,881  INFO [main] log4j:26 - Entering text into text box
2019-10-09 20:51:49,050  INFO [main] log4j:26 - negative value is entered
2019-10-09 20:51:49,974  INFO [main] log4j:26 - Assertion Starts
2019-10-09 20:51:49,974  INFO [main] log4j:26 - There is no such products try, different search
2019-10-09 20:51:51,322  INFO [main] log4j:26 - Entering text into text box
2019-10-09 20:51:51,492  INFO [main] log4j:26 - neutral value is entered
2019-10-09 20:51:52,452  INFO [main] log4j:26 - Assertion Starts
2019-10-09 20:51:52,452  INFO [main] log4j:26 - There is no such products try, different search
2019-10-09 21:25:22,423  INFO [main] utilityfiles:34 - chrome has started
